<?xml version="1.0" encoding="UTF-8"?>
<testng-results ignored="0" total="1" passed="1" failed="0" skipped="0">
  <reporter-output>
  </reporter-output>
  <suite started-at="2023-10-27T13:13:10 CDT" name="Surefire suite" finished-at="2023-10-27T13:13:10 CDT" duration-ms="34">
    <groups>
    </groups>
    <test started-at="2023-10-27T13:13:10 CDT" name="Surefire test" finished-at="2023-10-27T13:13:10 CDT" duration-ms="34">
      <class name="com.qa.devblab.AppTest">
        <test-method signature="shouldAnswerWithTrue()[pri:0, instance:com.qa.devblab.AppTest@5579bb86]" started-at="2023-10-27T13:13:10 CDT" name="shouldAnswerWithTrue" finished-at="2023-10-27T13:13:10 CDT" duration-ms="5" status="PASS">
          <reporter-output>
          </reporter-output>
        </test-method> <!-- shouldAnswerWithTrue -->
      </class> <!-- com.qa.devblab.AppTest -->
    </test> <!-- Surefire test -->
  </suite> <!-- Surefire suite -->
</testng-results>
